[07-Jun-2023 13:49:44 UTC] PHP Warning:  Undefined array key "data" in /home/washingtone/Local Sites/washingtoneaura/app/public/wp-content/plugins/elementor/core/common/modules/ajax/module.php on line 175
[08-Jun-2023 10:57:49 UTC] PHP Fatal error:  Uncaught TypeError: Unsupported operand types: string / int in /home/washingtone/Local Sites/washingtoneaura/app/public/wp-content/plugins/royal-elementor-addons/modules/progress-bar/widgets/wpr-progress-bar.php:1318
Stack trace:
#0 /home/washingtone/Local Sites/washingtoneaura/app/public/wp-content/plugins/elementor/includes/base/controls-stack.php(2268): WprAddons\Modules\ProgressBar\Widgets\Wpr_Progress_Bar->render()
#1 /home/washingtone/Local Sites/washingtoneaura/app/public/wp-content/plugins/elementor/includes/base/widget-base.php(609): Elementor\Controls_Stack->render_by_mode()
#2 /home/washingtone/Local Sites/washingtoneaura/app/public/wp-content/plugins/elementor/core/base/document.php(292): Elementor\Widget_Base->render_content()
#3 /home/washingtone/Local Sites/washingtoneaura/app/public/wp-content/plugins/elementor/includes/managers/widgets.php(425): Elementor\Core\Base\Document->render_element(Array)
#4 [internal function]: Elementor\Widgets_Manager->ajax_render_widget(Array, Object(Elementor\Core\Common\Modules\Ajax\Module))
#5 /home/washingtone/Local Sites/washingtoneaura/app/public/wp-content/plugins/elementor/core/common/modules/ajax/module.php(175): call_user_func(Array, Array, Object(Elementor\Core\Common\Modules\Ajax\Module))
#6 /home/washingtone/Local Sites/washingtoneaura/app/public/wp-includes/class-wp-hook.php(308): Elementor\Core\Common\Modules\Ajax\Module->handle_ajax_request('')
#7 /home/washingtone/Local Sites/washingtoneaura/app/public/wp-includes/class-wp-hook.php(332): WP_Hook->apply_filters('', Array)
#8 /home/washingtone/Local Sites/washingtoneaura/app/public/wp-includes/plugin.php(517): WP_Hook->do_action(Array)
#9 /home/washingtone/Local Sites/washingtoneaura/app/public/wp-admin/admin-ajax.php(188): do_action('wp_ajax_element...')
#10 {main}
  thrown in /home/washingtone/Local Sites/washingtoneaura/app/public/wp-content/plugins/royal-elementor-addons/modules/progress-bar/widgets/wpr-progress-bar.php on line 1318
[08-Jun-2023 15:22:23 UTC] PHP Warning:  Undefined property: stdClass::$marketing_permissions in /home/washingtone/Local Sites/washingtoneaura/app/public/wp-content/plugins/mailchimp-for-wp/includes/class-mailchimp.php on line 344
[08-Jun-2023 17:30:43 UTC] WordPress database error Server shutdown in progress for query UPDATE `wp_options` SET `option_value` = 'O:8:\"stdClass\":4:{s:7:\"updates\";a:1:{i:0;O:8:\"stdClass\":10:{s:8:\"response\";s:6:\"latest\";s:8:\"download\";s:59:\"https://downloads.wordpress.org/release/wordpress-6.2.2.zip\";s:6:\"locale\";s:5:\"en_US\";s:8:\"packages\";O:8:\"stdClass\":5:{s:4:\"full\";s:59:\"https://downloads.wordpress.org/release/wordpress-6.2.2.zip\";s:10:\"no_content\";s:70:\"https://downloads.wordpress.org/release/wordpress-6.2.2-no-content.zip\";s:11:\"new_bundled\";s:71:\"https://downloads.wordpress.org/release/wordpress-6.2.2-new-bundled.zip\";s:7:\"partial\";s:0:\"\";s:8:\"rollback\";s:0:\"\";}s:7:\"current\";s:5:\"6.2.2\";s:7:\"version\";s:5:\"6.2.2\";s:11:\"php_version\";s:6:\"5.6.20\";s:13:\"mysql_version\";s:3:\"5.0\";s:11:\"new_bundled\";s:3:\"6.1\";s:15:\"partial_version\";s:0:\"\";}}s:12:\"last_checked\";i:1686245443;s:15:\"version_checked\";s:5:\"6.2.2\";s:12:\"translations\";a:0:{}}', `autoload` = 'no' WHERE `option_name` = '_site_transient_update_core' made by include('phar:///opt/Local/resources/extraResources/bin/wp-cli/wp-cli.phar/php/boot-phar.php'), include('phar:///opt/Local/resources/extraResources/bin/wp-cli/wp-cli.phar/vendor/wp-cli/wp-cli/php/wp-cli.php'), WP_CLI\bootstrap, WP_CLI\Bootstrap\LaunchRunner->process, WP_CLI\Runner->start, WP_CLI\Runner->run_command_and_exit, WP_CLI\Runner->run_command, WP_CLI\Dispatcher\Subcommand->invoke, call_user_func, WP_CLI\Dispatcher\CommandFactory::WP_CLI\Dispatcher\{closure}, call_user_func, Core_Command->check_update, Core_Command->get_updates, wp_version_check, set_site_transient, update_site_option, update_network_option, update_option
[10-Jun-2023 06:45:52 UTC] PHP Warning:  An unexpected error occurred. Something may be wrong with WordPress.org or this server&#8217;s configuration. If you continue to have problems, please try the <a href="https://wordpress.org/support/forums/">support forums</a>. (WordPress could not establish a secure connection to WordPress.org. Please contact your server administrator.) in /home/washingtone/Local Sites/washingtoneaura/app/public/wp-includes/update.php on line 209
[10-Jun-2023 06:45:52 UTC] PHP Warning:  An unexpected error occurred. Something may be wrong with WordPress.org or this server&#8217;s configuration. If you continue to have problems, please try the <a href="https://wordpress.org/support/forums/">support forums</a>. (WordPress could not establish a secure connection to WordPress.org. Please contact your server administrator.) in /home/washingtone/Local Sites/washingtoneaura/app/public/wp-includes/update.php on line 447
[10-Jun-2023 06:45:52 UTC] PHP Warning:  An unexpected error occurred. Something may be wrong with WordPress.org or this server&#8217;s configuration. If you continue to have problems, please try the <a href="https://wordpress.org/support/forums/">support forums</a>. (WordPress could not establish a secure connection to WordPress.org. Please contact your server administrator.) in /home/washingtone/Local Sites/washingtoneaura/app/public/wp-includes/update.php on line 728
[15-Jun-2023 07:57:24 UTC] PHP Warning:  Attempt to read property "term_id" on array in /home/washingtone/Local Sites/washingtoneaura/app/public/wp-content/plugins/royal-elementor-addons/includes/controls/wpr-ajax-select2/wpr-control-ajax-select2-api.php on line 137
[15-Jun-2023 07:57:24 UTC] PHP Warning:  Attempt to read property "name" on array in /home/washingtone/Local Sites/washingtoneaura/app/public/wp-content/plugins/royal-elementor-addons/includes/controls/wpr-ajax-select2/wpr-control-ajax-select2-api.php on line 138
[15-Jun-2023 07:57:24 UTC] PHP Warning:  Attempt to read property "term_id" on array in /home/washingtone/Local Sites/washingtoneaura/app/public/wp-content/plugins/royal-elementor-addons/includes/controls/wpr-ajax-select2/wpr-control-ajax-select2-api.php on line 137
[15-Jun-2023 07:57:24 UTC] PHP Warning:  Attempt to read property "name" on array in /home/washingtone/Local Sites/washingtoneaura/app/public/wp-content/plugins/royal-elementor-addons/includes/controls/wpr-ajax-select2/wpr-control-ajax-select2-api.php on line 138
[15-Jun-2023 07:57:34 UTC] PHP Warning:  Attempt to read property "term_id" on array in /home/washingtone/Local Sites/washingtoneaura/app/public/wp-content/plugins/royal-elementor-addons/includes/controls/wpr-ajax-select2/wpr-control-ajax-select2-api.php on line 137
[15-Jun-2023 07:57:34 UTC] PHP Warning:  Attempt to read property "name" on array in /home/washingtone/Local Sites/washingtoneaura/app/public/wp-content/plugins/royal-elementor-addons/includes/controls/wpr-ajax-select2/wpr-control-ajax-select2-api.php on line 138
[15-Jun-2023 07:57:34 UTC] PHP Warning:  Attempt to read property "term_id" on array in /home/washingtone/Local Sites/washingtoneaura/app/public/wp-content/plugins/royal-elementor-addons/includes/controls/wpr-ajax-select2/wpr-control-ajax-select2-api.php on line 137
[15-Jun-2023 07:57:34 UTC] PHP Warning:  Attempt to read property "name" on array in /home/washingtone/Local Sites/washingtoneaura/app/public/wp-content/plugins/royal-elementor-addons/includes/controls/wpr-ajax-select2/wpr-control-ajax-select2-api.php on line 138
[15-Jun-2023 11:35:54 UTC] PHP Warning:  Attempt to read property "object_type" on bool in /home/washingtone/Local Sites/washingtoneaura/app/public/wp-content/plugins/auxin-elements/includes/elementor/widgets/theme-elements/modern-search.php on line 1060
[15-Jun-2023 11:35:54 UTC] PHP Fatal error:  Uncaught TypeError: array_merge(): Argument #2 must be of type array, null given in /home/washingtone/Local Sites/washingtoneaura/app/public/wp-content/plugins/auxin-elements/includes/elementor/widgets/theme-elements/modern-search.php:1061
Stack trace:
#0 /home/washingtone/Local Sites/washingtoneaura/app/public/wp-content/plugins/auxin-elements/includes/elementor/widgets/theme-elements/modern-search.php(1061): array_merge(Array, NULL)
#1 /home/washingtone/Local Sites/washingtoneaura/app/public/wp-content/plugins/auxin-elements/includes/elementor/widgets/theme-elements/modern-search.php(1027): Auxin\Plugin\CoreElements\Elementor\Elements\Theme_Elements\ModernSearch->render_category(Array)
#2 /home/washingtone/Local Sites/washingtoneaura/app/public/wp-content/plugins/auxin-elements/includes/elementor/widgets/theme-elements/modern-search.php(970): Auxin\Plugin\CoreElements\Elementor\Elements\Theme_Elements\ModernSearch->render_search_form(Array)
#3 /home/washingtone/Local Sites/washingtoneaura/app/public/wp-content/plugins/auxin-elements/includes/elementor/widgets/theme-elements/modern-search.php(1111): Auxin\Plugin\CoreElements\Elementor\Elements\Theme_Elements\ModernSearch->render_search_overlay(Array)
#4 /home/washingtone/Local Sites/washingtoneaura/app/public/wp-content/plugins/elementor/includes/base/controls-stack.php(2268): Auxin\Plugin\CoreElements\Elementor\Elements\Theme_Elements\ModernSearch->render()
#5 /home/washingtone/Local Sites/washingtoneaura/app/public/wp-content/plugins/elementor/includes/base/widget-base.php(609): Elementor\Controls_Stack->render_by_mode()
#6 /home/washingtone/Local Sites/washingtoneaura/app/public/wp-content/plugins/elementor/core/base/document.php(292): Elementor\Widget_Base->render_content()
#7 /home/washingtone/Local Sites/washingtoneaura/app/public/wp-content/plugins/elementor/includes/managers/widgets.php(425): Elementor\Core\Base\Document->render_element(Array)
#8 [internal function]: Elementor\Widgets_Manager->ajax_render_widget(Array, Object(Elementor\Core\Common\Modules\Ajax\Module))
#9 /home/washingtone/Local Sites/washingtoneaura/app/public/wp-content/plugins/elementor/core/common/modules/ajax/module.php(175): call_user_func(Array, Array, Object(Elementor\Core\Common\Modules\Ajax\Module))
#10 /home/washingtone/Local Sites/washingtoneaura/app/public/wp-includes/class-wp-hook.php(308): Elementor\Core\Common\Modules\Ajax\Module->handle_ajax_request('')
#11 /home/washingtone/Local Sites/washingtoneaura/app/public/wp-includes/class-wp-hook.php(332): WP_Hook->apply_filters('', Array)
#12 /home/washingtone/Local Sites/washingtoneaura/app/public/wp-includes/plugin.php(517): WP_Hook->do_action(Array)
#13 /home/washingtone/Local Sites/washingtoneaura/app/public/wp-admin/admin-ajax.php(188): do_action('wp_ajax_element...')
#14 {main}
  thrown in /home/washingtone/Local Sites/washingtoneaura/app/public/wp-content/plugins/auxin-elements/includes/elementor/widgets/theme-elements/modern-search.php on line 1061
[16-Jun-2023 06:07:22 UTC] PHP Warning:  An unexpected error occurred. Something may be wrong with WordPress.org or this server&#8217;s configuration. If you continue to have problems, please try the <a href="https://wordpress.org/support/forums/">support forums</a>. (WordPress could not establish a secure connection to WordPress.org. Please contact your server administrator.) in /home/washingtone/Local Sites/washingtoneaura/app/public/wp-includes/update.php on line 209
[16-Jun-2023 06:07:22 UTC] PHP Warning:  An unexpected error occurred. Something may be wrong with WordPress.org or this server&#8217;s configuration. If you continue to have problems, please try the <a href="https://wordpress.org/support/forums/">support forums</a>. (WordPress could not establish a secure connection to WordPress.org. Please contact your server administrator.) in /home/washingtone/Local Sites/washingtoneaura/app/public/wp-includes/update.php on line 447
[16-Jun-2023 06:07:22 UTC] PHP Warning:  An unexpected error occurred. Something may be wrong with WordPress.org or this server&#8217;s configuration. If you continue to have problems, please try the <a href="https://wordpress.org/support/forums/">support forums</a>. (WordPress could not establish a secure connection to WordPress.org. Please contact your server administrator.) in /home/washingtone/Local Sites/washingtoneaura/app/public/wp-includes/update.php on line 728
